<?xml version="1.0" encoding="UTF-8"?>
<testsuite xmlns:xsi="http://www.w3.org/2001/XMLSchema-instance" xsi:noNamespaceSchemaLocation="https://maven.apache.org/surefire/maven-surefire-plugin/xsd/surefire-test-report.xsd" name="com.chiansoft.DubboProviderApplicationTests" time="3.531" tests="1" errors="0" skipped="0" failures="0">
  <properties>
    <property name="sun.desktop" value="windows"/>
    <property name="awt.toolkit" value="sun.awt.windows.WToolkit"/>
    <property name="file.encoding.pkg" value="sun.io"/>
    <property name="java.specification.version" value="1.8"/>
    <property name="sun.cpu.isalist" value="amd64"/>
    <property name="sun.jnu.encoding" value="GBK"/>
    <property name="java.class.path" value="D:\ideaProject\springBootProject\dubbo-provider\target\test-classes;D:\ideaProject\springBootProject\dubbo-provider\target\classes;D:\maven\LocalWareHouse\org\apache\dubbo\dubbo-spring-boot-starter\2.7.3\dubbo-spring-boot-starter-2.7.3.jar;D:\maven\LocalWareHouse\org\apache\dubbo\dubbo-spring-boot-autoconfigure\2.7.3\dubbo-spring-boot-autoconfigure-2.7.3.jar;D:\maven\LocalWareHouse\org\apache\dubbo\dubbo-spring-boot-autoconfigure-compatible\2.7.3\dubbo-spring-boot-autoconfigure-compatible-2.7.3.jar;D:\maven\LocalWareHouse\org\apache\dubbo\dubbo\2.7.3\dubbo-2.7.3.jar;D:\maven\LocalWareHouse\org\springframework\spring-context\5.2.7.RELEASE\spring-context-5.2.7.RELEASE.jar;D:\maven\LocalWareHouse\org\springframework\spring-aop\5.2.7.RELEASE\spring-aop-5.2.7.RELEASE.jar;D:\maven\LocalWareHouse\org\springframework\spring-beans\5.2.7.RELEASE\spring-beans-5.2.7.RELEASE.jar;D:\maven\LocalWareHouse\org\springframework\spring-expression\5.2.7.RELEASE\spring-expression-5.2.7.RELEASE.jar;D:\maven\LocalWareHouse\org\javassist\javassist\3.20.0-GA\javassist-3.20.0-GA.jar;D:\maven\LocalWareHouse\io\netty\netty-all\4.1.50.Final\netty-all-4.1.50.Final.jar;D:\maven\LocalWareHouse\com\google\code\gson\gson\2.8.6\gson-2.8.6.jar;D:\maven\LocalWareHouse\org\yaml\snakeyaml\1.26\snakeyaml-1.26.jar;D:\maven\LocalWareHouse\org\apache\curator\curator-framework\4.0.1\curator-framework-4.0.1.jar;D:\maven\LocalWareHouse\org\apache\curator\curator-client\4.0.1\curator-client-4.0.1.jar;D:\maven\LocalWareHouse\org\apache\curator\curator-recipes\2.8.0\curator-recipes-2.8.0.jar;D:\maven\LocalWareHouse\org\apache\zookeeper\zookeeper\3.4.6\zookeeper-3.4.6.jar;D:\maven\LocalWareHouse\com\google\guava\guava\16.0.1\guava-16.0.1.jar;D:\maven\LocalWareHouse\org\slf4j\slf4j-api\1.7.30\slf4j-api-1.7.30.jar;D:\maven\LocalWareHouse\log4j\log4j\1.2.17\log4j-1.2.17.jar;D:\maven\LocalWareHouse\jline\jline\0.9.94\jline-0.9.94.jar;D:\maven\LocalWareHouse\org\apache\yetus\audience-annotations\0.5.0\audience-annotations-0.5.0.jar;D:\maven\LocalWareHouse\io\netty\netty\3.10.6.Final\netty-3.10.6.Final.jar;D:\maven\LocalWareHouse\com\101tec\zkclient\0.10\zkclient-0.10.jar;D:\maven\LocalWareHouse\org\springframework\boot\spring-boot-starter-web\2.3.1.RELEASE\spring-boot-starter-web-2.3.1.RELEASE.jar;D:\maven\LocalWareHouse\org\springframework\boot\spring-boot-starter\2.3.1.RELEASE\spring-boot-starter-2.3.1.RELEASE.jar;D:\maven\LocalWareHouse\org\springframework\boot\spring-boot-starter-logging\2.3.1.RELEASE\spring-boot-starter-logging-2.3.1.RELEASE.jar;D:\maven\LocalWareHouse\ch\qos\logback\logback-classic\1.2.3\logback-classic-1.2.3.jar;D:\maven\LocalWareHouse\ch\qos\logback\logback-core\1.2.3\logback-core-1.2.3.jar;D:\maven\LocalWareHouse\org\apache\logging\log4j\log4j-to-slf4j\2.13.3\log4j-to-slf4j-2.13.3.jar;D:\maven\LocalWareHouse\org\apache\logging\log4j\log4j-api\2.13.3\log4j-api-2.13.3.jar;D:\maven\LocalWareHouse\org\slf4j\jul-to-slf4j\1.7.30\jul-to-slf4j-1.7.30.jar;D:\maven\LocalWareHouse\jakarta\annotation\jakarta.annotation-api\1.3.5\jakarta.annotation-api-1.3.5.jar;D:\maven\LocalWareHouse\org\springframework\boot\spring-boot-starter-json\2.3.1.RELEASE\spring-boot-starter-json-2.3.1.RELEASE.jar;D:\maven\LocalWareHouse\com\fasterxml\jackson\core\jackson-databind\2.11.0\jackson-databind-2.11.0.jar;D:\maven\LocalWareHouse\com\fasterxml\jackson\core\jackson-annotations\2.11.0\jackson-annotations-2.11.0.jar;D:\maven\LocalWareHouse\com\fasterxml\jackson\core\jackson-core\2.11.0\jackson-core-2.11.0.jar;D:\maven\LocalWareHouse\com\fasterxml\jackson\datatype\jackson-datatype-jdk8\2.11.0\jackson-datatype-jdk8-2.11.0.jar;D:\maven\LocalWareHouse\com\fasterxml\jackson\datatype\jackson-datatype-jsr310\2.11.0\jackson-datatype-jsr310-2.11.0.jar;D:\maven\LocalWareHouse\com\fasterxml\jackson\module\jackson-module-parameter-names\2.11.0\jackson-module-parameter-names-2.11.0.jar;D:\maven\LocalWareHouse\org\springframework\boot\spring-boot-starter-tomcat\2.3.1.RELEASE\spring-boot-starter-tomcat-2.3.1.RELEASE.jar;D:\maven\LocalWareHouse\org\apache\tomcat\embed\tomcat-embed-core\9.0.36\tomcat-embed-core-9.0.36.jar;D:\maven\LocalWareHouse\org\glassfish\jakarta.el\3.0.3\jakarta.el-3.0.3.jar;D:\maven\LocalWareHouse\org\apache\tomcat\embed\tomcat-embed-websocket\9.0.36\tomcat-embed-websocket-9.0.36.jar;D:\maven\LocalWareHouse\org\springframework\spring-web\5.2.7.RELEASE\spring-web-5.2.7.RELEASE.jar;D:\maven\LocalWareHouse\org\springframework\spring-webmvc\5.2.7.RELEASE\spring-webmvc-5.2.7.RELEASE.jar;D:\maven\LocalWareHouse\org\springframework\boot\spring-boot-devtools\2.3.1.RELEASE\spring-boot-devtools-2.3.1.RELEASE.jar;D:\maven\LocalWareHouse\org\springframework\boot\spring-boot\2.3.1.RELEASE\spring-boot-2.3.1.RELEASE.jar;D:\maven\LocalWareHouse\org\springframework\boot\spring-boot-autoconfigure\2.3.1.RELEASE\spring-boot-autoconfigure-2.3.1.RELEASE.jar;D:\maven\LocalWareHouse\org\springframework\boot\spring-boot-configuration-processor\2.3.1.RELEASE\spring-boot-configuration-processor-2.3.1.RELEASE.jar;D:\maven\LocalWareHouse\org\projectlombok\lombok\1.18.12\lombok-1.18.12.jar;D:\maven\LocalWareHouse\org\springframework\boot\spring-boot-starter-test\2.3.1.RELEASE\spring-boot-starter-test-2.3.1.RELEASE.jar;D:\maven\LocalWareHouse\org\springframework\boot\spring-boot-test\2.3.1.RELEASE\spring-boot-test-2.3.1.RELEASE.jar;D:\maven\LocalWareHouse\org\springframework\boot\spring-boot-test-autoconfigure\2.3.1.RELEASE\spring-boot-test-autoconfigure-2.3.1.RELEASE.jar;D:\maven\LocalWareHouse\com\jayway\jsonpath\json-path\2.4.0\json-path-2.4.0.jar;D:\maven\LocalWareHouse\net\minidev\json-smart\2.3\json-smart-2.3.jar;D:\maven\LocalWareHouse\net\minidev\accessors-smart\1.2\accessors-smart-1.2.jar;D:\maven\LocalWareHouse\org\ow2\asm\asm\5.0.4\asm-5.0.4.jar;D:\maven\LocalWareHouse\jakarta\xml\bind\jakarta.xml.bind-api\2.3.3\jakarta.xml.bind-api-2.3.3.jar;D:\maven\LocalWareHouse\jakarta\activation\jakarta.activation-api\1.2.2\jakarta.activation-api-1.2.2.jar;D:\maven\LocalWareHouse\org\assertj\assertj-core\3.16.1\assertj-core-3.16.1.jar;D:\maven\LocalWareHouse\org\hamcrest\hamcrest\2.2\hamcrest-2.2.jar;D:\maven\LocalWareHouse\org\junit\jupiter\junit-jupiter\5.6.2\junit-jupiter-5.6.2.jar;D:\maven\LocalWareHouse\org\junit\jupiter\junit-jupiter-api\5.6.2\junit-jupiter-api-5.6.2.jar;D:\maven\LocalWareHouse\org\apiguardian\apiguardian-api\1.1.0\apiguardian-api-1.1.0.jar;D:\maven\LocalWareHouse\org\opentest4j\opentest4j\1.2.0\opentest4j-1.2.0.jar;D:\maven\LocalWareHouse\org\junit\platform\junit-platform-commons\1.6.2\junit-platform-commons-1.6.2.jar;D:\maven\LocalWareHouse\org\junit\jupiter\junit-jupiter-params\5.6.2\junit-jupiter-params-5.6.2.jar;D:\maven\LocalWareHouse\org\junit\jupiter\junit-jupiter-engine\5.6.2\junit-jupiter-engine-5.6.2.jar;D:\maven\LocalWareHouse\org\junit\platform\junit-platform-engine\1.6.2\junit-platform-engine-1.6.2.jar;D:\maven\LocalWareHouse\org\mockito\mockito-core\3.3.3\mockito-core-3.3.3.jar;D:\maven\LocalWareHouse\net\bytebuddy\byte-buddy\1.10.11\byte-buddy-1.10.11.jar;D:\maven\LocalWareHouse\net\bytebuddy\byte-buddy-agent\1.10.11\byte-buddy-agent-1.10.11.jar;D:\maven\LocalWareHouse\org\objenesis\objenesis\2.6\objenesis-2.6.jar;D:\maven\LocalWareHouse\org\mockito\mockito-junit-jupiter\3.3.3\mockito-junit-jupiter-3.3.3.jar;D:\maven\LocalWareHouse\org\skyscreamer\jsonassert\1.5.0\jsonassert-1.5.0.jar;D:\maven\LocalWareHouse\com\vaadin\external\google\android-json\0.0.20131108.vaadin1\android-json-0.0.20131108.vaadin1.jar;D:\maven\LocalWareHouse\org\springframework\spring-core\5.2.7.RELEASE\spring-core-5.2.7.RELEASE.jar;D:\maven\LocalWareHouse\org\springframework\spring-jcl\5.2.7.RELEASE\spring-jcl-5.2.7.RELEASE.jar;D:\maven\LocalWareHouse\org\springframework\spring-test\5.2.7.RELEASE\spring-test-5.2.7.RELEASE.jar;D:\maven\LocalWareHouse\org\xmlunit\xmlunit-core\2.7.0\xmlunit-core-2.7.0.jar;"/>
    <property name="java.vm.vendor" value="Oracle Corporation"/>
    <property name="sun.arch.data.model" value="64"/>
    <property name="user.variant" value=""/>
    <property name="java.vendor.url" value="http://java.oracle.com/"/>
    <property name="user.timezone" value="GMT+08:00"/>
    <property name="java.vm.specification.version" value="1.8"/>
    <property name="os.name" value="Windows 10"/>
    <property name="user.country" value="CN"/>
    <property name="sun.java.launcher" value="SUN_STANDARD"/>
    <property name="sun.boot.library.path" value="C:\Program Files\Java\jdk1.8.0_251\jre\bin"/>
    <property name="sun.java.command" value="C:\Users\王泽\AppData\Local\Temp\surefire5840870863186952879\surefirebooter961012140628629467.jar C:\Users\王泽\AppData\Local\Temp\surefire5840870863186952879 2020-07-16T22-02-38_735-jvmRun1 surefire6296224904257434051tmp surefire_03970565722765834600tmp"/>
    <property name="surefire.test.class.path" value="D:\ideaProject\springBootProject\dubbo-provider\target\test-classes;D:\ideaProject\springBootProject\dubbo-provider\target\classes;D:\maven\LocalWareHouse\org\apache\dubbo\dubbo-spring-boot-starter\2.7.3\dubbo-spring-boot-starter-2.7.3.jar;D:\maven\LocalWareHouse\org\apache\dubbo\dubbo-spring-boot-autoconfigure\2.7.3\dubbo-spring-boot-autoconfigure-2.7.3.jar;D:\maven\LocalWareHouse\org\apache\dubbo\dubbo-spring-boot-autoconfigure-compatible\2.7.3\dubbo-spring-boot-autoconfigure-compatible-2.7.3.jar;D:\maven\LocalWareHouse\org\apache\dubbo\dubbo\2.7.3\dubbo-2.7.3.jar;D:\maven\LocalWareHouse\org\springframework\spring-context\5.2.7.RELEASE\spring-context-5.2.7.RELEASE.jar;D:\maven\LocalWareHouse\org\springframework\spring-aop\5.2.7.RELEASE\spring-aop-5.2.7.RELEASE.jar;D:\maven\LocalWareHouse\org\springframework\spring-beans\5.2.7.RELEASE\spring-beans-5.2.7.RELEASE.jar;D:\maven\LocalWareHouse\org\springframework\spring-expression\5.2.7.RELEASE\spring-expression-5.2.7.RELEASE.jar;D:\maven\LocalWareHouse\org\javassist\javassist\3.20.0-GA\javassist-3.20.0-GA.jar;D:\maven\LocalWareHouse\io\netty\netty-all\4.1.50.Final\netty-all-4.1.50.Final.jar;D:\maven\LocalWareHouse\com\google\code\gson\gson\2.8.6\gson-2.8.6.jar;D:\maven\LocalWareHouse\org\yaml\snakeyaml\1.26\snakeyaml-1.26.jar;D:\maven\LocalWareHouse\org\apache\curator\curator-framework\4.0.1\curator-framework-4.0.1.jar;D:\maven\LocalWareHouse\org\apache\curator\curator-client\4.0.1\curator-client-4.0.1.jar;D:\maven\LocalWareHouse\org\apache\curator\curator-recipes\2.8.0\curator-recipes-2.8.0.jar;D:\maven\LocalWareHouse\org\apache\zookeeper\zookeeper\3.4.6\zookeeper-3.4.6.jar;D:\maven\LocalWareHouse\com\google\guava\guava\16.0.1\guava-16.0.1.jar;D:\maven\LocalWareHouse\org\slf4j\slf4j-api\1.7.30\slf4j-api-1.7.30.jar;D:\maven\LocalWareHouse\log4j\log4j\1.2.17\log4j-1.2.17.jar;D:\maven\LocalWareHouse\jline\jline\0.9.94\jline-0.9.94.jar;D:\maven\LocalWareHouse\org\apache\yetus\audience-annotations\0.5.0\audience-annotations-0.5.0.jar;D:\maven\LocalWareHouse\io\netty\netty\3.10.6.Final\netty-3.10.6.Final.jar;D:\maven\LocalWareHouse\com\101tec\zkclient\0.10\zkclient-0.10.jar;D:\maven\LocalWareHouse\org\springframework\boot\spring-boot-starter-web\2.3.1.RELEASE\spring-boot-starter-web-2.3.1.RELEASE.jar;D:\maven\LocalWareHouse\org\springframework\boot\spring-boot-starter\2.3.1.RELEASE\spring-boot-starter-2.3.1.RELEASE.jar;D:\maven\LocalWareHouse\org\springframework\boot\spring-boot-starter-logging\2.3.1.RELEASE\spring-boot-starter-logging-2.3.1.RELEASE.jar;D:\maven\LocalWareHouse\ch\qos\logback\logback-classic\1.2.3\logback-classic-1.2.3.jar;D:\maven\LocalWareHouse\ch\qos\logback\logback-core\1.2.3\logback-core-1.2.3.jar;D:\maven\LocalWareHouse\org\apache\logging\log4j\log4j-to-slf4j\2.13.3\log4j-to-slf4j-2.13.3.jar;D:\maven\LocalWareHouse\org\apache\logging\log4j\log4j-api\2.13.3\log4j-api-2.13.3.jar;D:\maven\LocalWareHouse\org\slf4j\jul-to-slf4j\1.7.30\jul-to-slf4j-1.7.30.jar;D:\maven\LocalWareHouse\jakarta\annotation\jakarta.annotation-api\1.3.5\jakarta.annotation-api-1.3.5.jar;D:\maven\LocalWareHouse\org\springframework\boot\spring-boot-starter-json\2.3.1.RELEASE\spring-boot-starter-json-2.3.1.RELEASE.jar;D:\maven\LocalWareHouse\com\fasterxml\jackson\core\jackson-databind\2.11.0\jackson-databind-2.11.0.jar;D:\maven\LocalWareHouse\com\fasterxml\jackson\core\jackson-annotations\2.11.0\jackson-annotations-2.11.0.jar;D:\maven\LocalWareHouse\com\fasterxml\jackson\core\jackson-core\2.11.0\jackson-core-2.11.0.jar;D:\maven\LocalWareHouse\com\fasterxml\jackson\datatype\jackson-datatype-jdk8\2.11.0\jackson-datatype-jdk8-2.11.0.jar;D:\maven\LocalWareHouse\com\fasterxml\jackson\datatype\jackson-datatype-jsr310\2.11.0\jackson-datatype-jsr310-2.11.0.jar;D:\maven\LocalWareHouse\com\fasterxml\jackson\module\jackson-module-parameter-names\2.11.0\jackson-module-parameter-names-2.11.0.jar;D:\maven\LocalWareHouse\org\springframework\boot\spring-boot-starter-tomcat\2.3.1.RELEASE\spring-boot-starter-tomcat-2.3.1.RELEASE.jar;D:\maven\LocalWareHouse\org\apache\tomcat\embed\tomcat-embed-core\9.0.36\tomcat-embed-core-9.0.36.jar;D:\maven\LocalWareHouse\org\glassfish\jakarta.el\3.0.3\jakarta.el-3.0.3.jar;D:\maven\LocalWareHouse\org\apache\tomcat\embed\tomcat-embed-websocket\9.0.36\tomcat-embed-websocket-9.0.36.jar;D:\maven\LocalWareHouse\org\springframework\spring-web\5.2.7.RELEASE\spring-web-5.2.7.RELEASE.jar;D:\maven\LocalWareHouse\org\springframework\spring-webmvc\5.2.7.RELEASE\spring-webmvc-5.2.7.RELEASE.jar;D:\maven\LocalWareHouse\org\springframework\boot\spring-boot-devtools\2.3.1.RELEASE\spring-boot-devtools-2.3.1.RELEASE.jar;D:\maven\LocalWareHouse\org\springframework\boot\spring-boot\2.3.1.RELEASE\spring-boot-2.3.1.RELEASE.jar;D:\maven\LocalWareHouse\org\springframework\boot\spring-boot-autoconfigure\2.3.1.RELEASE\spring-boot-autoconfigure-2.3.1.RELEASE.jar;D:\maven\LocalWareHouse\org\springframework\boot\spring-boot-configuration-processor\2.3.1.RELEASE\spring-boot-configuration-processor-2.3.1.RELEASE.jar;D:\maven\LocalWareHouse\org\projectlombok\lombok\1.18.12\lombok-1.18.12.jar;D:\maven\LocalWareHouse\org\springframework\boot\spring-boot-starter-test\2.3.1.RELEASE\spring-boot-starter-test-2.3.1.RELEASE.jar;D:\maven\LocalWareHouse\org\springframework\boot\spring-boot-test\2.3.1.RELEASE\spring-boot-test-2.3.1.RELEASE.jar;D:\maven\LocalWareHouse\org\springframework\boot\spring-boot-test-autoconfigure\2.3.1.RELEASE\spring-boot-test-autoconfigure-2.3.1.RELEASE.jar;D:\maven\LocalWareHouse\com\jayway\jsonpath\json-path\2.4.0\json-path-2.4.0.jar;D:\maven\LocalWareHouse\net\minidev\json-smart\2.3\json-smart-2.3.jar;D:\maven\LocalWareHouse\net\minidev\accessors-smart\1.2\accessors-smart-1.2.jar;D:\maven\LocalWareHouse\org\ow2\asm\asm\5.0.4\asm-5.0.4.jar;D:\maven\LocalWareHouse\jakarta\xml\bind\jakarta.xml.bind-api\2.3.3\jakarta.xml.bind-api-2.3.3.jar;D:\maven\LocalWareHouse\jakarta\activation\jakarta.activation-api\1.2.2\jakarta.activation-api-1.2.2.jar;D:\maven\LocalWareHouse\org\assertj\assertj-core\3.16.1\assertj-core-3.16.1.jar;D:\maven\LocalWareHouse\org\hamcrest\hamcrest\2.2\hamcrest-2.2.jar;D:\maven\LocalWareHouse\org\junit\jupiter\junit-jupiter\5.6.2\junit-jupiter-5.6.2.jar;D:\maven\LocalWareHouse\org\junit\jupiter\junit-jupiter-api\5.6.2\junit-jupiter-api-5.6.2.jar;D:\maven\LocalWareHouse\org\apiguardian\apiguardian-api\1.1.0\apiguardian-api-1.1.0.jar;D:\maven\LocalWareHouse\org\opentest4j\opentest4j\1.2.0\opentest4j-1.2.0.jar;D:\maven\LocalWareHouse\org\junit\platform\junit-platform-commons\1.6.2\junit-platform-commons-1.6.2.jar;D:\maven\LocalWareHouse\org\junit\jupiter\junit-jupiter-params\5.6.2\junit-jupiter-params-5.6.2.jar;D:\maven\LocalWareHouse\org\junit\jupiter\junit-jupiter-engine\5.6.2\junit-jupiter-engine-5.6.2.jar;D:\maven\LocalWareHouse\org\junit\platform\junit-platform-engine\1.6.2\junit-platform-engine-1.6.2.jar;D:\maven\LocalWareHouse\org\mockito\mockito-core\3.3.3\mockito-core-3.3.3.jar;D:\maven\LocalWareHouse\net\bytebuddy\byte-buddy\1.10.11\byte-buddy-1.10.11.jar;D:\maven\LocalWareHouse\net\bytebuddy\byte-buddy-agent\1.10.11\byte-buddy-agent-1.10.11.jar;D:\maven\LocalWareHouse\org\objenesis\objenesis\2.6\objenesis-2.6.jar;D:\maven\LocalWareHouse\org\mockito\mockito-junit-jupiter\3.3.3\mockito-junit-jupiter-3.3.3.jar;D:\maven\LocalWareHouse\org\skyscreamer\jsonassert\1.5.0\jsonassert-1.5.0.jar;D:\maven\LocalWareHouse\com\vaadin\external\google\android-json\0.0.20131108.vaadin1\android-json-0.0.20131108.vaadin1.jar;D:\maven\LocalWareHouse\org\springframework\spring-core\5.2.7.RELEASE\spring-core-5.2.7.RELEASE.jar;D:\maven\LocalWareHouse\org\springframework\spring-jcl\5.2.7.RELEASE\spring-jcl-5.2.7.RELEASE.jar;D:\maven\LocalWareHouse\org\springframework\spring-test\5.2.7.RELEASE\spring-test-5.2.7.RELEASE.jar;D:\maven\LocalWareHouse\org\xmlunit\xmlunit-core\2.7.0\xmlunit-core-2.7.0.jar;"/>
    <property name="sun.cpu.endian" value="little"/>
    <property name="user.home" value="C:\Users\王泽"/>
    <property name="user.language" value="zh"/>
    <property name="java.specification.vendor" value="Oracle Corporation"/>
    <property name="java.home" value="C:\Program Files\Java\jdk1.8.0_251\jre"/>
    <property name="basedir" value="D:\ideaProject\springBootProject\dubbo-provider"/>
    <property name="file.separator" value="\"/>
    <property name="line.separator" value="&#10;"/>
    <property name="java.vm.specification.vendor" value="Oracle Corporation"/>
    <property name="java.specification.name" value="Java Platform API Specification"/>
    <property name="java.awt.graphicsenv" value="sun.awt.Win32GraphicsEnvironment"/>
    <property name="idea.version2020.1.2" value="true"/>
    <property name="surefire.real.class.path" value="C:\Users\王泽\AppData\Local\Temp\surefire5840870863186952879\surefirebooter961012140628629467.jar"/>
    <property name="sun.boot.class.path" value="C:\Program Files\Java\jdk1.8.0_251\jre\lib\resources.jar;C:\Program Files\Java\jdk1.8.0_251\jre\lib\rt.jar;C:\Program Files\Java\jdk1.8.0_251\jre\lib\sunrsasign.jar;C:\Program Files\Java\jdk1.8.0_251\jre\lib\jsse.jar;C:\Program Files\Java\jdk1.8.0_251\jre\lib\jce.jar;C:\Program Files\Java\jdk1.8.0_251\jre\lib\charsets.jar;C:\Program Files\Java\jdk1.8.0_251\jre\lib\jfr.jar;C:\Program Files\Java\jdk1.8.0_251\jre\classes"/>
    <property name="user.script" value=""/>
    <property name="sun.management.compiler" value="HotSpot 64-Bit Tiered Compilers"/>
    <property name="java.runtime.version" value="1.8.0_251-b08"/>
    <property name="user.name" value="wj"/>
    <property name="path.separator" value=";"/>
    <property name="os.version" value="10.0"/>
    <property name="java.endorsed.dirs" value="C:\Program Files\Java\jdk1.8.0_251\jre\lib\endorsed"/>
    <property name="java.runtime.name" value="Java(TM) SE Runtime Environment"/>
    <property name="file.encoding" value="GBK"/>
    <property name="java.vm.name" value="Java HotSpot(TM) 64-Bit Server VM"/>
    <property name="localRepository" value="D:\maven\LocalWareHouse"/>
    <property name="java.vendor.url.bug" value="http://bugreport.sun.com/bugreport/"/>
    <property name="java.io.tmpdir" value="C:\Users\王泽\AppData\Local\Temp\"/>
    <property name="java.version" value="1.8.0_251"/>
    <property name="user.dir" value="D:\ideaProject\springBootProject\dubbo-provider"/>
    <property name="os.arch" value="amd64"/>
    <property name="java.vm.specification.name" value="Java Virtual Machine Specification"/>
    <property name="java.awt.printerjob" value="sun.awt.windows.WPrinterJob"/>
    <property name="sun.os.patch.level" value=""/>
    <property name="java.library.path" value="C:\Program Files\Java\jdk1.8.0_251\jre\bin;C:\WINDOWS\Sun\Java\bin;C:\WINDOWS\system32;C:\WINDOWS;C:\Program Files (x86)\Common Files\Oracle\Java\javapath;C:\Program Files (x86)\Intel\iCLS Client\;C:\Program Files\Intel\iCLS Client\;C:\windows\system32;C:\windows;C:\windows\System32\Wbem;C:\windows\System32\WindowsPowerShell\v1.0\;C:\Program Files (x86)\Intel\Intel(R) Management Engine Components\DAL;C:\Program Files\Intel\Intel(R) Management Engine Components\DAL;C:\Program Files (x86)\Intel\Intel(R) Management Engine Components\IPT;C:\Program Files\Intel\Intel(R) Management Engine Components\IPT;C:\Program Files (x86)\NVIDIA Corporation\PhysX\Common;c:\Program Files\Intel\WiFi\bin\;c:\Program Files\Common Files\Intel\WirelessCommon\;C:\WINDOWS\system32;C:\WINDOWS;C:\WINDOWS\System32\Wbem;C:\WINDOWS\System32\WindowsPowerShell\v1.0\;C:\WINDOWS\System32\OpenSSH\;C:\Program Files\nodejs\;C:\Program Files\Git\cmd;C:\Program Files\Java\jdk1.8.0_251\bin;C:\Program Files\Java\jdk1.8.0_251\jre\bin;D:\apache-maven-3.3.9-bin\apache-maven-3.3.9\bin;C:\Program Files\MongoDB\Server\4.2\bin;C:\Python27;C:\Users\王泽\AppData\Local\Microsoft\WindowsApps;C:\Users\王泽\AppData\Roaming\npm;C:\Program Files\nodejs;C:\Users\王泽\AppData\Roaming\npm;D:\Git;D:\Git\bin;C:\Program Files\Java\jdk1.8.0_251\bin;C:\Program Files\Java\jdk1.8.0_251\jre\bin;C:\Users\王泽\AppData\Local\Programs\Microsoft VS Code\bin;;."/>
    <property name="java.vm.info" value="mixed mode"/>
    <property name="java.vendor" value="Oracle Corporation"/>
    <property name="java.vm.version" value="25.251-b08"/>
    <property name="java.ext.dirs" value="C:\Program Files\Java\jdk1.8.0_251\jre\lib\ext;C:\WINDOWS\Sun\Java\lib\ext"/>
    <property name="sun.io.unicode.encoding" value="UnicodeLittle"/>
    <property name="maven.repo.local" value="D:\maven\LocalWareHouse"/>
    <property name="java.class.version" value="52.0"/>
  </properties>
  <testcase name="contextLoads" classname="com.chiansoft.DubboProviderApplicationTests" time="0.303"/>
</testsuite>